0 info it worked if it ends with ok
1 verbose cli [ '/users/quangtdn/.nvm/versions/node/v8.9.4/bin/node',
1 verbose cli   '/users/quangtdn/.nvm/versions/node/v8.9.4/bin/npm',
1 verbose cli   'run',
1 verbose cli   'bench',
1 verbose cli   '--',
1 verbose cli   '-c',
1 verbose cli   'benchmark-kafka/smallbank/fixrate300tps.yaml',
1 verbose cli   '-n',
1 verbose cli   'network-kafka/12peer4ord4kafka/fabric-ccp-mynet.yaml' ]
2 info using npm@5.6.0
3 info using node@v8.9.4
4 verbose run-script [ 'prebench', 'bench', 'postbench' ]
5 info lifecycle caliper@0.1.0~prebench: caliper@0.1.0
6 info lifecycle caliper@0.1.0~bench: caliper@0.1.0
7 verbose lifecycle caliper@0.1.0~bench: unsafe-perm in lifecycle true
8 verbose lifecycle caliper@0.1.0~bench: PATH: /users/quangtdn/.nvm/versions/node/v8.9.4/lib/node_modules/npm/node_modules/npm-lifecycle/node-gyp-bin:/users/quangtdn/caliper/node_modules/.bin:/users/quangtdn/.nvm/versions/node/v8.9.4/bin:/usr/local/sbin:/usr/local/bin:/usr/sbin:/usr/bin:/sbin:/bin:/usr/games:/usr/local/games:/snap/bin
9 verbose lifecycle caliper@0.1.0~bench: CWD: /users/quangtdn/caliper
10 silly lifecycle caliper@0.1.0~bench: Args: [ '-c',
10 silly lifecycle   'node ./scripts/main.js "-c" "benchmark-kafka/smallbank/fixrate300tps.yaml" "-n" "network-kafka/12peer4ord4kafka/fabric-ccp-mynet.yaml"' ]
11 silly lifecycle caliper@0.1.0~bench: Returned: code: 1  signal: null
12 info lifecycle caliper@0.1.0~bench: Failed to exec bench script
13 verbose stack Error: caliper@0.1.0 bench: `node ./scripts/main.js "-c" "benchmark-kafka/smallbank/fixrate300tps.yaml" "-n" "network-kafka/12peer4ord4kafka/fabric-ccp-mynet.yaml"`
13 verbose stack Exit status 1
13 verbose stack     at EventEmitter.<anonymous> (/users/quangtdn/.nvm/versions/node/v8.9.4/lib/node_modules/npm/node_modules/npm-lifecycle/index.js:285:16)
13 verbose stack     at emitTwo (events.js:126:13)
13 verbose stack     at EventEmitter.emit (events.js:214:7)
13 verbose stack     at ChildProcess.<anonymous> (/users/quangtdn/.nvm/versions/node/v8.9.4/lib/node_modules/npm/node_modules/npm-lifecycle/lib/spawn.js:55:14)
13 verbose stack     at emitTwo (events.js:126:13)
13 verbose stack     at ChildProcess.emit (events.js:214:7)
13 verbose stack     at maybeClose (internal/child_process.js:925:16)
13 verbose stack     at Process.ChildProcess._handle.onexit (internal/child_process.js:209:5)
14 verbose pkgid caliper@0.1.0
15 verbose cwd /users/quangtdn/caliper
16 verbose Linux 4.4.0-143-generic
17 verbose argv "/users/quangtdn/.nvm/versions/node/v8.9.4/bin/node" "/users/quangtdn/.nvm/versions/node/v8.9.4/bin/npm" "run" "bench" "--" "-c" "benchmark-kafka/smallbank/fixrate300tps.yaml" "-n" "network-kafka/12peer4ord4kafka/fabric-ccp-mynet.yaml"
18 verbose node v8.9.4
19 verbose npm  v5.6.0
20 error code ELIFECYCLE
21 error errno 1
22 error caliper@0.1.0 bench: `node ./scripts/main.js "-c" "benchmark-kafka/smallbank/fixrate300tps.yaml" "-n" "network-kafka/12peer4ord4kafka/fabric-ccp-mynet.yaml"`
22 error Exit status 1
23 error Failed at the caliper@0.1.0 bench script.
23 error This is probably not a problem with npm. There is likely additional logging output above.
24 verbose exit [ 1, true ]
